[11:45:27] [User Authenticator #5/INFO]: UUID of player RemiNaz is 8a00594d-c5e0-3042-99ea-1ec5f5524455
[11:45:27] [Server thread/INFO]: RemiNaz[/116.68.78.152:10042] logged in with entity id 3268 at ([LameWorld]52.5, 71.0, 239.5)
[11:45:38] [Server thread/WARN]: Can't keep up! Is the server overloaded? Running 9700ms or 194 ticks behind
[11:48:15] [Server thread/INFO]: RemiNaz lost connection: Disconnected
[11:48:15] [Server thread/INFO]: RemiNaz left the game
[11:48:18] [User Authenticator #6/INFO]: UUID of player RemiNaz is 8a00594d-c5e0-3042-99ea-1ec5f5524455
[11:48:18] [Server thread/INFO]: RemiNaz[/116.68.78.152:36019] logged in with entity id 3630 at ([LameWorld]29.931510728198656, 69.0, 278.42493627777924)
[11:57:18] [Server thread/INFO]: RemiNaz has made the advancement [Monster Hunter]
[11:58:46] [Server thread/INFO]: RemiNaz was slain by Drowned
[12:02:30] [Server thread/INFO]: RemiNaz was slain by Zombie
[12:18:49] [Server thread/INFO]: RemiNaz has made the advancement [Stone Age]
[12:28:48] [Server thread/INFO]: RemiNaz hit the ground too hard
[12:33:35] [Server thread/INFO]: RemiNaz lost connection: Disconnected
[12:33:35] [Server thread/INFO]: RemiNaz left the game
[12:33:43] [User Authenticator #7/INFO]: UUID of player RemiNaz is 8a00594d-c5e0-3042-99ea-1ec5f5524455
[12:33:43] [Server thread/INFO]: RemiNaz[/116.68.78.152:3088] logged in with entity id 7357 at ([LameWorld]54.861873887731974, 60.0, 190.3000000119209)
[12:33:50] [Server thread/INFO]: RemiNaz lost connection: Disconnected
[12:33:50] [Server thread/INFO]: RemiNaz left the game
[12:57:34] [User Authenticator #8/INFO]: UUID of player RemiNaz is 8a00594d-c5e0-3042-99ea-1ec5f5524455
[12:57:34] [Server thread/INFO]: RemiNaz[/116.68.78.152:54779] logged in with entity id 7389 at ([LameWorld]54.861873887731974, 60.0, 190.3000000119209)
[13:01:56] [Server thread/INFO]: RemiNaz was blown up by Creeper
[13:04:05] [Server thread/INFO]: RemiNaz lost connection: Disconnected
[13:04:05] [Server thread/INFO]: RemiNaz left the game
[13:54:08] [User Authenticator #9/INFO]: UUID of player RemiNaz is 8a00594d-c5e0-3042-99ea-1ec5f5524455
[13:54:08] [Server thread/INFO]: RemiNaz[/116.68.78.152:44598] logged in with entity id 8093 at ([LameWorld]121.51201084807448, 61.79237876269747, 7.488716086374227)
[13:56:05] [Server thread/INFO]: RemiNaz fell from a high place
[13:58:15] [Server thread/INFO]: RemiNaz lost connection: Disconnected
[13:58:15] [Server thread/INFO]: RemiNaz left the game
[14:30:23] [User Authenticator #10/INFO]: UUID of player TurboVirgin is b219e6d0-ba9b-31e4-8fbb-317593d757c7
[14:30:23] [Server thread/INFO]: TurboVirgin[/223.189.2.171:6618] logged in with entity id 8623 at ([LameWorld]51.5, 72.0, 236.5)
[14:31:50] [Server thread/WARN]: TurboVirgin moved wrongly!
[14:32:38] [Server thread/INFO]: TurboVirgin has made the advancement [Monster Hunter]
[14:35:04] [Server thread/INFO]: TurboVirgin lost connection: Timed out
[14:35:04] [Server thread/INFO]: TurboVirgin left the game
[14:36:55] [User Authenticator #11/INFO]: UUID of player techkid is a2bd8615-5228-33b9-aa7d-6a374de7a84b
[14:36:55] [Server thread/INFO]: techkid[/115.98.248.201:50090] logged in with entity id 8828 at ([LameWorld]304.8587148885364, 71.0, 389.30000001192093)
[14:39:29] [Server thread/INFO]: techkid lost connection: Disconnected
[14:39:29] [Server thread/INFO]: techkid left the game
[14:43:22] [User Authenticator #12/INFO]: UUID of player TurboVirgin is b219e6d0-ba9b-31e4-8fbb-317593d757c7
[14:43:22] [Server thread/INFO]: TurboVirgin[/223.189.2.171:6757] logged in with entity id 9064 at ([LameWorld]55.531465407103994, 59.0, 190.46132908242012)
[14:49:01] [Server thread/INFO]: TurboVirgin hit the ground too hard
[15:08:16] [User Authenticator #13/INFO]: UUID of player TurboVirgin is b219e6d0-ba9b-31e4-8fbb-317593d757c7
[15:08:16] [Server thread/INFO]: TurboVirgin lost connection: You logged in from another location
[15:08:16] [Server thread/INFO]: TurboVirgin left the game
[15:08:16] [Server thread/INFO]: TurboVirgin[/223.189.2.171:6734] logged in with entity id 10591 at ([LameWorld]115.81656382163797, 61.875, 295.93760180845493)
[15:11:11] [Server thread/INFO]: TurboVirgin has made the advancement [Acquire Hardware]
[15:17:16] [User Authenticator #14/INFO]: UUID of player DEDM8 is fb333c02-8df1-3f45-88aa-d8b20d10b73f
[15:17:16] [Server thread/INFO]: DEDM8[/137.97.65.192:50314] logged in with entity id 11090 at ([LameWorld]52.5, 71.0, 239.5)
[15:17:22] [Async Chat Thread - #10/INFO]: <DEDM8> hoi[m
[15:17:43] [Async Chat Thread - #10/INFO]: <DEDM8> ummm[m
[15:17:50] [Async Chat Thread - #10/INFO]: <DEDM8> where do i start[m
[15:18:07] [Async Chat Thread - #10/INFO]: <TurboVirgin> bhait[m
[15:18:20] [Server thread/INFO]: DEDM8 was shot by Skeleton
[15:18:23] [Async Chat Thread - #10/INFO]: <TurboVirgin> come to 105 64 288[m
[15:18:24] [Async Chat Thread - #10/INFO]: <DEDM8> fek[m
[15:18:42] [Async Chat Thread - #10/INFO]: <TurboVirgin> And you can build anywhere around the ship wreck[m
[15:19:03] [User Authenticator #15/INFO]: UUID of player RemiNaz is 8a00594d-c5e0-3042-99ea-1ec5f5524455
[15:19:03] [Server thread/INFO]: RemiNaz[/116.68.78.152:26432] logged in with entity id 11343 at ([LameWorld]37.933386917901984, 64.0, 293.375395916504)
[15:19:28] [Server thread/INFO]: RemiNaz lost connection: Timed out
[15:19:28] [Server thread/INFO]: RemiNaz left the game
[15:19:32] [Async Chat Thread - #10/INFO]: <DEDM8> wau[m
[15:19:42] [User Authenticator #16/INFO]: UUID of player RemiNaz is 8a00594d-c5e0-3042-99ea-1ec5f5524455
[15:19:42] [Server thread/INFO]: RemiNaz[/116.68.78.152:52959] logged in with entity id 11385 at ([LameWorld]41.11042749343105, 64.02442408821369, 290.9682016813085)
[15:19:46] [Server thread/INFO]: RemiNaz was slain by Zombie
[15:20:07] [Server thread/INFO]: RemiNaz lost connection: Timed out
[15:20:07] [Server thread/INFO]: RemiNaz left the game
[15:20:42] [User Authenticator #17/INFO]: UUID of player RemiNaz is 8a00594d-c5e0-3042-99ea-1ec5f5524455
[15:20:42] [Server thread/INFO]: RemiNaz[/116.68.78.152:46215] logged in with entity id 11393 at ([LameWorld]41.11042749343105, 64.0, 290.9682016813085)
[15:20:57] [Server thread/INFO]: RemiNaz lost connection: Disconnected
[15:20:57] [Server thread/INFO]: RemiNaz left the game
[15:21:02] [Async Chat Thread - #10/INFO]: <DEDM8> lol[m
[15:21:02] [User Authenticator #18/INFO]: UUID of player RemiNaz is 8a00594d-c5e0-3042-99ea-1ec5f5524455
[15:21:03] [Server thread/INFO]: RemiNaz[/116.68.78.152:29001] logged in with entity id 11497 at ([LameWorld]53.5, 69.0, 245.5)
[15:21:06] [Async Chat Thread - #10/INFO]: <DEDM8> dey[m
[15:21:14] [Async Chat Thread - #10/INFO]: <DEDM8> wew[m
[15:21:16] [Async Chat Thread - #10/INFO]: <RemiNaz> dudes[m
[15:21:18] [Async Chat Thread - #10/INFO]: <TurboVirgin> This is moi hum i claimed it[m
[15:21:22] [Async Chat Thread - #10/INFO]: <DEDM8> kek[m
[15:21:32] [Async Chat Thread - #10/INFO]: <DEDM8> where i live?[m
[15:21:32] [Async Chat Thread - #10/INFO]: <TurboVirgin> Ded take all that loot[m
[15:21:49] [Async Chat Thread - #10/INFO]: <DEDM8> ill die soon[m
[15:21:54] [Async Chat Thread - #10/INFO]: <TurboVirgin> Found it in the ship itself lel[m
[15:21:54] [Async Chat Thread - #10/INFO]: <RemiNaz> ded wer u[m
[15:21:54] [Async Chat Thread - #10/INFO]: <DEDM8> let this be here[m
[15:22:15] [Async Chat Thread - #10/INFO]: <DEDM8> 105 64 288[m
[15:22:28] [Async Chat Thread - #10/INFO]: <RemiNaz> how do i find that[m
[15:22:37] [Async Chat Thread - #10/INFO]: <DEDM8> server laggin hmmmm[m
[15:22:44] [Async Chat Thread - #10/INFO]: <DEDM8> F3 press chey[m
[15:22:46] [Async Chat Thread - #10/INFO]: <RemiNaz> yea[m
[15:22:57] [Async Chat Thread - #10/INFO]: <RemiNaz> oooooooooo[m
[15:23:05] [Async Chat Thread - #10/INFO]: <RemiNaz> goddamn[m
[15:23:33] [Async Chat Thread - #10/INFO]: <DEDM8> turbo whose hous is dis?[m
[15:24:22] [Async Chat Thread - #10/INFO]: <TurboVirgin> DONT BLOW UP MOI HOUSE[m
[15:24:26] [Async Chat Thread - #10/INFO]: <DEDM8> nu[m
[15:24:33] [Async Chat Thread - #10/INFO]: <DEDM8> creeper blew in water[m
[15:24:38] [Async Chat Thread - #10/INFO]: <RemiNaz> dey blovk aana nokenda[m
[15:25:00] [Server thread/INFO]: DEDM8 has made the advancement [Acquire Hardware]
[15:25:17] [Async Chat Thread - #10/INFO]: <RemiNaz> ith nthonn[m
[15:25:20] [Async Chat Thread - #10/INFO]: <TurboVirgin> Wait ill make you a room inside my ship wreck[m
[15:27:12] [Async Chat Thread - #11/INFO]: <DEDM8> noice[m
[15:27:43] [Async Chat Thread - #11/INFO]: <TurboVirgin> Move lemme clear water[m
[15:27:48] [Async Chat Thread - #11/INFO]: <RemiNaz> daaaa[m
[15:27:51] [Async Chat Thread - #11/INFO]: <DEDM8> ye[m
[15:27:55] [Async Chat Thread - #11/INFO]: <RemiNaz> ne evida[m
[15:28:05] [Async Chat Thread - #11/INFO]: <DEDM8> near spawn[m
[15:28:12] [Async Chat Thread - #11/INFO]: <RemiNaz> goddamn[m
[15:28:39] [Server thread/INFO]: DEDM8 has made the advancement [Not Today, Thank You]
[15:28:42] [Server thread/INFO]: DEDM8 has made the advancement [Monster Hunter]
[15:30:27] [Async Chat Thread - #12/INFO]: <RemiNaz> da[m
[15:30:30] [Async Chat Thread - #12/INFO]: <DEDM8> nice[m
[15:30:35] [Async Chat Thread - #12/INFO]: <DEDM8> ye[m
[15:30:42] [Async Chat Thread - #12/INFO]: <RemiNaz> nik help venam[m
[15:30:51] [Async Chat Thread - #12/INFO]: <DEDM8> yeh[m
[15:30:56] [Async Chat Thread - #12/INFO]: <RemiNaz> njan nerthe kore cheyth vann enna konn[m
[15:30:57] [Async Chat Thread - #12/INFO]: <DEDM8> nah[m
[15:31:02] [Async Chat Thread - #12/INFO]: <DEDM8> let it be there[m
[15:31:12] [Async Chat Thread - #12/INFO]: <DEDM8> turbo[m
[15:32:01] [Async Chat Thread - #12/INFO]: <TurboVirgin> Done[m
[15:32:08] [Async Chat Thread - #12/INFO]: <TurboVirgin> This is your room[m
[15:32:11] [Async Chat Thread - #12/INFO]: <RemiNaz> da enna kaanan ngana blonde aana[m
[15:32:20] [Async Chat Thread - #12/INFO]: <DEDM8> nee evide chatha remi[m
[15:32:31] [Async Chat Thread - #12/INFO]: <RemiNaz> va[m
[15:32:32] [Async Chat Thread - #12/INFO]: <DEDM8> well fek[m
[15:32:50] [Async Chat Thread - #12/INFO]: <RemiNaz> wait lemme remember[m
[15:32:59] [Async Chat Thread - #12/INFO]: <RemiNaz> haa there[m
[15:33:10] [Async Chat Thread - #12/INFO]: <DEDM8> wait rathri aayi raavile poovam[m
[15:33:17] [Async Chat Thread - #12/INFO]: <RemiNaz> ojkkk[m
[15:34:50] [Async Chat Thread - #13/INFO]: <RemiNaz> bed ngana[m
[15:35:01] [Async Chat Thread - #13/INFO]: <RemiNaz> ondakum nthokke venam[m
[15:35:17] [Async Chat Thread - #13/INFO]: <DEDM8> kill 3 sheep + 3 wood planks[m
[15:35:37] [Async Chat Thread - #13/INFO]: <TurboVirgin> Oh[m
[15:35:39] [Async Chat Thread - #13/INFO]: <RemiNaz> okkk lemme see rathri aayi chaavum njan[m
[15:36:39] [Async Chat Thread - #14/INFO]: <DEDM8> dorya u use gpu for optifine?[m
[15:36:46] [Async Chat Thread - #14/INFO]: <DEDM8> dedicated*[m
[15:37:06] [Async Chat Thread - #14/INFO]: <RemiNaz> ath nthonn[m
[15:37:06] [Async Chat Thread - #14/INFO]: <TurboVirgin> i dont have gpu... currently playing on Vega 8[m
[15:39:34] [Async Chat Thread - #15/INFO]: <RemiNaz> da nta right side item koranj ath nthva[m
[15:39:44] [Async Chat Thread - #15/INFO]: <DEDM8> eh[m
[15:39:46] [Async Chat Thread - #15/INFO]: <RemiNaz> im not sprinting anymore[m
[15:39:55] [Async Chat Thread - #15/INFO]: <DEDM8> low hungr[m
[15:40:00] [Async Chat Thread - #15/INFO]: <RemiNaz> glass[m
[15:40:05] [Async Chat Thread - #15/INFO]: <RemiNaz> okkkk[m
[15:41:18] [Server thread/INFO]: DEDM8 was shot by Skeleton
[15:41:28] [Async Chat Thread - #16/INFO]: <TurboVirgin> cake[m
[15:41:32] [Async Chat Thread - #16/INFO]: <DEDM8> sed[m
[15:41:33] [Async Chat Thread - #16/INFO]: <RemiNaz> lol[m
[15:43:08] [Server thread/INFO]: DEDM8 was blown up by Creeper
[15:43:14] [Async Chat Thread - #17/INFO]: <DEDM8> v nice[m
[15:43:34] [Async Chat Thread - #17/INFO]: <DEDM8> 3 skeletons + zombie + creeper mid day[m
[15:43:39] [Server thread/INFO]: RemiNaz drowned
[15:43:48] [Async Chat Thread - #17/INFO]: <RemiNaz> thanks[m
[15:44:24] [Server thread/INFO]: RemiNaz lost connection: Timed out
[15:44:24] [Server thread/INFO]: RemiNaz left the game
[15:44:38] [User Authenticator #19/INFO]: UUID of player RemiNaz is 8a00594d-c5e0-3042-99ea-1ec5f5524455
[15:44:38] [Server thread/INFO]: RemiNaz[/116.68.78.152:10298] logged in with entity id 13783 at ([LameWorld]64.78714329961716, 70.0, 235.8215407453915)
[15:47:30] [Async Chat Thread - #18/INFO]: <DEDM8> wtf[m
[15:47:34] [Async Chat Thread - #18/INFO]: <TurboVirgin> DED I KEPT ALL LOOT IN YOUR CHEST[m
[15:47:36] [Async Chat Thread - #18/INFO]: <RemiNaz> wat[m
[15:47:37] [Async Chat Thread - #18/INFO]: <DEDM8> mobs still spawn in 3[m
[15:48:09] [Async Chat Thread - #18/INFO]: <DEDM8> brb[m
[15:48:11] [Server thread/INFO]: DEDM8 lost connection: Disconnected
[15:48:11] [Server thread/INFO]: DEDM8 left the game
[15:49:46] [Server thread/INFO]: TurboVirgin has made the advancement [Stone Age]
[15:51:33] [Server thread/INFO]: TurboVirgin has made the advancement [Getting an Upgrade]
[15:53:01] [Server thread/INFO]: RemiNaz has made the advancement [Getting an Upgrade]
[15:53:07] [Async Chat Thread - #19/INFO]: <RemiNaz> thanks[m
[15:53:15] [Async Chat Thread - #19/INFO]: <TurboVirgin> NP[m
[15:54:08] [Server thread/INFO]: RemiNaz lost connection: Disconnected
[15:54:08] [Server thread/INFO]: RemiNaz left the game
[15:54:40] [User Authenticator #20/INFO]: UUID of player DEDM8 is fb333c02-8df1-3f45-88aa-d8b20d10b73f
[15:54:40] [Server thread/INFO]: DEDM8[/137.97.65.192:54370] logged in with entity id 14682 at ([LameWorld]104.53739372399455, 68.0, 274.1091273740033)
[15:55:14] [Async Chat Thread - #20/INFO]: <DEDM8> wew finally figured out how to use gpu with optifine[m
[15:57:02] [Server thread/INFO]: DEDM8 lost connection: Disconnected
[15:57:02] [Server thread/INFO]: DEDM8 left the game
[15:57:29] [User Authenticator #21/INFO]: UUID of player DEDM8 is fb333c02-8df1-3f45-88aa-d8b20d10b73f
[15:57:29] [Server thread/INFO]: DEDM8[/137.97.65.192:54434] logged in with entity id 14855 at ([LameWorld]118.67730834790574, 62.0, 289.7417887810633)
[15:59:46] [Async Chat Thread - #21/INFO]: <DEDM8> sed net sloe af[m
[16:01:24] [Async Chat Thread - #22/INFO]: <DEDM8> dorya check this out 3 skeletons, maibi 3 creepers[m
[16:02:30] [Async Chat Thread - #23/INFO]: <TurboVirgin> brb[m
[16:02:33] [Server thread/INFO]: TurboVirgin lost connection: Disconnected
[16:02:33] [Server thread/INFO]: TurboVirgin left the game
[16:11:11] [Server thread/INFO]: DEDM8 has made the advancement [Stone Age]
[16:12:41] [Server thread/INFO]: DEDM8 lost connection: Disconnected
[16:12:41] [Server thread/INFO]: DEDM8 left the game
[16:24:56] [User Authenticator #22/INFO]: UUID of player RemiNaz is 8a00594d-c5e0-3042-99ea-1ec5f5524455
[16:24:56] [Server thread/INFO]: RemiNaz[/116.68.78.152:34905] logged in with entity id 15788 at ([LameWorld]121.64989308214648, 63.0, 341.74052074269605)
[16:31:20] [Server thread/INFO]: RemiNaz fell from a high place
[16:32:06] [Server thread/INFO]: RemiNaz lost connection: Disconnected
[16:32:06] [Server thread/INFO]: RemiNaz left the game
[20:00:32] [User Authenticator #23/INFO]: UUID of player TurboVirgin is b219e6d0-ba9b-31e4-8fbb-317593d757c7
[20:00:32] [Server thread/INFO]: TurboVirgin[/110.224.34.85:3055] logged in with entity id 16478 at ([LameWorld]115.29203417344972, 61.0, 294.75400766915436)
[20:29:08] [Server thread/INFO]: TurboVirgin has made the advancement [A Seedy Place]
[20:56:39] [Server thread/INFO]: TurboVirgin lost connection: Disconnected
[20:56:39] [Server thread/INFO]: TurboVirgin left the game
